# JRE version: OpenJDK Runtime Environment Corretto-21.0.9.10.1 (21.0.9+10) (build 21.0.9+10-LTS)
# Java VM: OpenJDK 64-Bit Server VM Corretto-21.0.9.10.1 (21.0.9+10-LTS, mixed mode, sharing, tiered, compressed oops, compressed class ptrs, serial gc, windows-amd64)
GC Precious Log:
 CardTable entry size: 512
 CPUs: 12 total, 12 available
 Memory: 16005M
 Large Page Support: Disabled
 NUMA Support: Disabled
 Compressed Oops: Enabled (32-bit)
 Heap Min Capacity: 64M
 Heap Initial Capacity: 64M
 Heap Max Capacity: 256M
 Pre-touch: Disabled
Heap:
 def new generation   total 20864K, used 8074K [0x00000000f0000000, 0x00000000f16a0000, 0x00000000f5550000)
  eden space 18560K,  31% used [0x00000000f0000000, 0x00000000f05a2b58, 0x00000000f1220000)
  from space 2304K, 100% used [0x00000000f1460000, 0x00000000f16a0000, 0x00000000f16a0000)
  to   space 2304K,   0% used [0x00000000f1220000, 0x00000000f1220000, 0x00000000f1460000)
 tenured generation   total 46068K, used 27657K [0x00000000f5550000, 0x00000000f824d000, 0x0000000100000000)
   the space 46068K,  60% used [0x00000000f5550000, 0x00000000f70526c8, 0x00000000f7052800, 0x00000000f824d000)
 Metaspace       used 37825K, committed 39296K, reserved 180224K
  class space    used 5472K, committed 6208K, reserved 114688K
GC Heap History (20 events):
Event: 1.983 GC heap before
{Heap before GC invocations=9 (full 0):
 def new generation   total 19648K, used 18341K [0x00000000f0000000, 0x00000000f1550000, 0x00000000f5550000)
  eden space 17472K, 100% used [0x00000000f0000000, 0x00000000f1110000, 0x00000000f1110000)
  from space 2176K,  39% used [0x00000000f1330000, 0x00000000f1409698, 0x00000000f1550000)
  to   space 2176K,   0% used [0x00000000f1110000, 0x00000000f1110000, 0x00000000f1330000)
 tenured generation   total 43712K, used 18622K [0x00000000f5550000, 0x00000000f8000000, 0x0000000100000000)
   the space 43712K,  42% used [0x00000000f5550000, 0x00000000f677f850, 0x00000000f677fa00, 0x00000000f8000000)
 Metaspace       used 17301K, committed 17856K, reserved 180224K
  class space    used 2387K, committed 2624K, reserved 114688K
}
Event: 1.987 GC heap after
{Heap after GC invocations=10 (full 0):
 def new generation   total 19648K, used 1819K [0x00000000f0000000, 0x00000000f1550000, 0x00000000f5550000)
  eden space 17472K,   0% used [0x00000000f0000000, 0x00000000f0000000, 0x00000000f1110000)
  from space 2176K,  83% used [0x00000000f1110000, 0x00000000f12d6da0, 0x00000000f1330000)
  to   space 2176K,   0% used [0x00000000f1330000, 0x00000000f1330000, 0x00000000f1550000)
 tenured generation   total 43712K, used 18622K [0x00000000f5550000, 0x00000000f8000000, 0x0000000100000000)
   the space 43712K,  42% used [0x00000000f5550000, 0x00000000f677f850, 0x00000000f677fa00, 0x00000000f8000000)
 Metaspace       used 17301K, committed 17856K, reserved 180224K
  class space    used 2387K, committed 2624K, reserved 114688K
}
Event: 2.219 GC heap before
{Heap before GC invocations=10 (full 0):
 def new generation   total 19648K, used 19291K [0x00000000f0000000, 0x00000000f1550000, 0x00000000f5550000)
  eden space 17472K, 100% used [0x00000000f0000000, 0x00000000f1110000, 0x00000000f1110000)
  from space 2176K,  83% used [0x00000000f1110000, 0x00000000f12d6da0, 0x00000000f1330000)
  to   space 2176K,   0% used [0x00000000f1330000, 0x00000000f1330000, 0x00000000f1550000)
 tenured generation   total 43712K, used 18622K [0x00000000f5550000, 0x00000000f8000000, 0x0000000100000000)
   the space 43712K,  42% used [0x00000000f5550000, 0x00000000f677f850, 0x00000000f677fa00, 0x00000000f8000000)
 Metaspace       used 19982K, committed 20544K, reserved 180224K
  class space    used 2699K, committed 2944K, reserved 114688K
}
Event: 2.224 GC heap after
{Heap after GC invocations=11 (full 0):
 def new generation   total 19648K, used 1855K [0x00000000f0000000, 0x00000000f1550000, 0x00000000f5550000)
  eden space 17472K,   0% used [0x00000000f0000000, 0x00000000f0000000, 0x00000000f1110000)
  from space 2176K,  85% used [0x00000000f1330000, 0x00000000f14ffca8, 0x00000000f1550000)
  to   space 2176K,   0% used [0x00000000f1110000, 0x00000000f1110000, 0x00000000f1330000)
 tenured generation   total 43712K, used 19456K [0x00000000f5550000, 0x00000000f8000000, 0x0000000100000000)
   the space 43712K,  44% used [0x00000000f5550000, 0x00000000f68502e0, 0x00000000f6850400, 0x00000000f8000000)
 Metaspace       used 19982K, committed 20544K, reserved 180224K
  class space    used 2699K, committed 2944K, reserved 114688K
}
Event: 2.295 GC heap before
{Heap before GC invocations=11 (full 0):
 def new generation   total 19648K, used 8656K [0x00000000f0000000, 0x00000000f1550000, 0x00000000f5550000)
  eden space 17472K,  38% used [0x00000000f0000000, 0x00000000f06a4698, 0x00000000f1110000)
  from space 2176K,  85% used [0x00000000f1330000, 0x00000000f14ffca8, 0x00000000f1550000)
  to   space 2176K,   0% used [0x00000000f1110000, 0x00000000f1110000, 0x00000000f1330000)
 tenured generation   total 43712K, used 19456K [0x00000000f5550000, 0x00000000f8000000, 0x0000000100000000)
   the space 43712K,  44% used [0x00000000f5550000, 0x00000000f68502e0, 0x00000000f6850400, 0x00000000f8000000)
 Metaspace       used 20921K, committed 21504K, reserved 180224K
  class space    used 2867K, committed 3136K, reserved 114688K
}
Event: 2.317 GC heap after
{Heap after GC invocations=12 (full 1):
 def new generation   total 19776K, used 0K [0x00000000f0000000, 0x00000000f1570000, 0x00000000f5550000)
  eden space 17600K,   0% used [0x00000000f0000000, 0x00000000f0000000, 0x00000000f1130000)
  from space 2176K,   0% used [0x00000000f1130000, 0x00000000f1130000, 0x00000000f1350000)
  to   space 2176K,   0% used [0x00000000f1350000, 0x00000000f1350000, 0x00000000f1570000)
 tenured generation   total 43712K, used 21669K [0x00000000f5550000, 0x00000000f8000000, 0x0000000100000000)
   the space 43712K,  49% used [0x00000000f5550000, 0x00000000f6a79718, 0x00000000f6a79800, 0x00000000f8000000)
 Metaspace       used 20921K, committed 21504K, reserved 180224K
  class space    used 2867K, committed 3136K, reserved 114688K
}
Event: 2.486 GC heap before
{Heap before GC invocations=12 (full 1):
 def new generation   total 19776K, used 17600K [0x00000000f0000000, 0x00000000f1570000, 0x00000000f5550000)
  eden space 17600K, 100% used [0x00000000f0000000, 0x00000000f1130000, 0x00000000f1130000)
  from space 2176K,   0% used [0x00000000f1130000, 0x00000000f1130000, 0x00000000f1350000)
  to   space 2176K,   0% used [0x00000000f1350000, 0x00000000f1350000, 0x00000000f1570000)
 tenured generation   total 43712K, used 21669K [0x00000000f5550000, 0x00000000f8000000, 0x0000000100000000)
   the space 43712K,  49% used [0x00000000f5550000, 0x00000000f6a79718, 0x00000000f6a79800, 0x00000000f8000000)
 Metaspace       used 23085K, committed 23808K, reserved 180224K
  class space    used 3231K, committed 3584K, reserved 114688K
}
Event: 2.489 GC heap after
{Heap after GC invocations=13 (full 1):
 def new generation   total 19776K, used 1160K [0x00000000f0000000, 0x00000000f1570000, 0x00000000f5550000)
  eden space 17600K,   0% used [0x00000000f0000000, 0x00000000f0000000, 0x00000000f1130000)
  from space 2176K,  53% used [0x00000000f1350000, 0x00000000f14721d0, 0x00000000f1570000)
  to   space 2176K,   0% used [0x00000000f1130000, 0x00000000f1130000, 0x00000000f1350000)
 tenured generation   total 43712K, used 21669K [0x00000000f5550000, 0x00000000f8000000, 0x0000000100000000)
   the space 43712K,  49% used [0x00000000f5550000, 0x00000000f6a79718, 0x00000000f6a79800, 0x00000000f8000000)
 Metaspace       used 23085K, committed 23808K, reserved 180224K
  class space    used 3231K, committed 3584K, reserved 114688K
}
Event: 2.665 GC heap before
{Heap before GC invocations=13 (full 1):
 def new generation   total 19776K, used 18760K [0x00000000f0000000, 0x00000000f1570000, 0x00000000f5550000)
  eden space 17600K, 100% used [0x00000000f0000000, 0x00000000f1130000, 0x00000000f1130000)
  from space 2176K,  53% used [0x00000000f1350000, 0x00000000f14721d0, 0x00000000f1570000)
  to   space 2176K,   0% used [0x00000000f1130000, 0x00000000f1130000, 0x00000000f1350000)
 tenured generation   total 43712K, used 21669K [0x00000000f5550000, 0x00000000f8000000, 0x0000000100000000)
   the space 43712K,  49% used [0x00000000f5550000, 0x00000000f6a79718, 0x00000000f6a79800, 0x00000000f8000000)
 Metaspace       used 25343K, committed 26240K, reserved 180224K
  class space    used 3597K, committed 4032K, reserved 114688K
}
Event: 2.668 GC heap after
{Heap after GC invocations=14 (full 1):
 def new generation   total 19776K, used 1142K [0x00000000f0000000, 0x00000000f1570000, 0x00000000f5550000)
  eden space 17600K,   0% used [0x00000000f0000000, 0x00000000f0000000, 0x00000000f1130000)
  from space 2176K,  52% used [0x00000000f1130000, 0x00000000f124dac0, 0x00000000f1350000)
  to   space 2176K,   0% used [0x00000000f1350000, 0x00000000f1350000, 0x00000000f1570000)
 tenured generation   total 43712K, used 22765K [0x00000000f5550000, 0x00000000f8000000, 0x0000000100000000)
   the space 43712K,  52% used [0x00000000f5550000, 0x00000000f6b8b518, 0x00000000f6b8b600, 0x00000000f8000000)
 Metaspace       used 25343K, committed 26240K, reserved 180224K
  class space    used 3597K, committed 4032K, reserved 114688K
}
Event: 2.824 GC heap before
{Heap before GC invocations=14 (full 1):
 def new generation   total 19776K, used 18742K [0x00000000f0000000, 0x00000000f1570000, 0x00000000f5550000)
  eden space 17600K, 100% used [0x00000000f0000000, 0x00000000f1130000, 0x00000000f1130000)
  from space 2176K,  52% used [0x00000000f1130000, 0x00000000f124dac0, 0x00000000f1350000)
  to   space 2176K,   0% used [0x00000000f1350000, 0x00000000f1350000, 0x00000000f1570000)
 tenured generation   total 43712K, used 22765K [0x00000000f5550000, 0x00000000f8000000, 0x0000000100000000)
   the space 43712K,  52% used [0x00000000f5550000, 0x00000000f6b8b518, 0x00000000f6b8b600, 0x00000000f8000000)
 Metaspace       used 27806K, committed 28800K, reserved 180224K
  class space    used 3991K, committed 4480K, reserved 114688K
}
Event: 2.828 GC heap after
{Heap after GC invocations=15 (full 1):
 def new generation   total 19776K, used 736K [0x00000000f0000000, 0x00000000f1570000, 0x00000000f5550000)
  eden space 17600K,   0% used [0x00000000f0000000, 0x00000000f0000000, 0x00000000f1130000)
  from space 2176K,  33% used [0x00000000f1350000, 0x00000000f14080a0, 0x00000000f1570000)
  to   space 2176K,   0% used [0x00000000f1130000, 0x00000000f1130000, 0x00000000f1350000)
 tenured generation   total 43712K, used 23897K [0x00000000f5550000, 0x00000000f8000000, 0x0000000100000000)
   the space 43712K,  54% used [0x00000000f5550000, 0x00000000f6ca64e0, 0x00000000f6ca6600, 0x00000000f8000000)
 Metaspace       used 27806K, committed 28800K, reserved 180224K
  class space    used 3991K, committed 4480K, reserved 114688K
}
Event: 3.058 GC heap before
{Heap before GC invocations=15 (full 1):
 def new generation   total 19776K, used 18336K [0x00000000f0000000, 0x00000000f1570000, 0x00000000f5550000)
  eden space 17600K, 100% used [0x00000000f0000000, 0x00000000f1130000, 0x00000000f1130000)
  from space 2176K,  33% used [0x00000000f1350000, 0x00000000f14080a0, 0x00000000f1570000)
  to   space 2176K,   0% used [0x00000000f1130000, 0x00000000f1130000, 0x00000000f1350000)
 tenured generation   total 43712K, used 23897K [0x00000000f5550000, 0x00000000f8000000, 0x0000000100000000)
   the space 43712K,  54% used [0x00000000f5550000, 0x00000000f6ca64e0, 0x00000000f6ca6600, 0x00000000f8000000)
 Metaspace       used 29946K, committed 31104K, reserved 180224K
  class space    used 4359K, committed 4928K, reserved 114688K
}
Event: 3.062 GC heap after
{Heap after GC invocations=16 (full 1):
 def new generation   total 19776K, used 1645K [0x00000000f0000000, 0x00000000f1570000, 0x00000000f5550000)
  eden space 17600K,   0% used [0x00000000f0000000, 0x00000000f0000000, 0x00000000f1130000)
  from space 2176K,  75% used [0x00000000f1130000, 0x00000000f12cb700, 0x00000000f1350000)
  to   space 2176K,   0% used [0x00000000f1350000, 0x00000000f1350000, 0x00000000f1570000)
 tenured generation   total 43712K, used 23897K [0x00000000f5550000, 0x00000000f8000000, 0x0000000100000000)
   the space 43712K,  54% used [0x00000000f5550000, 0x00000000f6ca64e0, 0x00000000f6ca6600, 0x00000000f8000000)
 Metaspace       used 29946K, committed 31104K, reserved 180224K
  class space    used 4359K, committed 4928K, reserved 114688K
}
Event: 3.197 GC heap before
{Heap before GC invocations=16 (full 1):
 def new generation   total 19776K, used 19245K [0x00000000f0000000, 0x00000000f1570000, 0x00000000f5550000)
  eden space 17600K, 100% used [0x00000000f0000000, 0x00000000f1130000, 0x00000000f1130000)
  from space 2176K,  75% used [0x00000000f1130000, 0x00000000f12cb700, 0x00000000f1350000)
  to   space 2176K,   0% used [0x00000000f1350000, 0x00000000f1350000, 0x00000000f1570000)
 tenured generation   total 43712K, used 23897K [0x00000000f5550000, 0x00000000f8000000, 0x0000000100000000)
   the space 43712K,  54% used [0x00000000f5550000, 0x00000000f6ca64e0, 0x00000000f6ca6600, 0x00000000f8000000)
 Metaspace       used 31940K, committed 33344K, reserved 180224K
  class space    used 4698K, committed 5376K, reserved 114688K
}
Event: 3.202 GC heap after
{Heap after GC invocations=17 (full 1):
 def new generation   total 19776K, used 1825K [0x00000000f0000000, 0x00000000f1570000, 0x00000000f5550000)
  eden space 17600K,   0% used [0x00000000f0000000, 0x00000000f0000000, 0x00000000f1130000)
  from space 2176K,  83% used [0x00000000f1350000, 0x00000000f1518570, 0x00000000f1570000)
  to   space 2176K,   0% used [0x00000000f1130000, 0x00000000f1130000, 0x00000000f1350000)
 tenured generation   total 43712K, used 24619K [0x00000000f5550000, 0x00000000f8000000, 0x0000000100000000)
   the space 43712K,  56% used [0x00000000f5550000, 0x00000000f6d5ad28, 0x00000000f6d5ae00, 0x00000000f8000000)
 Metaspace       used 31940K, committed 33344K, reserved 180224K
  class space    used 4698K, committed 5376K, reserved 114688K
}
Event: 3.310 GC heap before
{Heap before GC invocations=17 (full 1):
 def new generation   total 19776K, used 14477K [0x00000000f0000000, 0x00000000f1570000, 0x00000000f5550000)
  eden space 17600K,  71% used [0x00000000f0000000, 0x00000000f0c5b1c8, 0x00000000f1130000)
  from space 2176K,  83% used [0x00000000f1350000, 0x00000000f1518570, 0x00000000f1570000)
  to   space 2176K,   0% used [0x00000000f1130000, 0x00000000f1130000, 0x00000000f1350000)
 tenured generation   total 43712K, used 24619K [0x00000000f5550000, 0x00000000f8000000, 0x0000000100000000)
   the space 43712K,  56% used [0x00000000f5550000, 0x00000000f6d5ad28, 0x00000000f6d5ae00, 0x00000000f8000000)
 Metaspace       used 34451K, committed 35840K, reserved 180224K
  class space    used 4925K, committed 5632K, reserved 114688K
}
Event: 3.344 GC heap after
{Heap after GC invocations=18 (full 2):
 def new generation   total 20864K, used 0K [0x00000000f0000000, 0x00000000f16a0000, 0x00000000f5550000)
  eden space 18560K,   0% used [0x00000000f0000000, 0x00000000f0000000, 0x00000000f1220000)
  from space 2304K,   0% used [0x00000000f1220000, 0x00000000f1220000, 0x00000000f1460000)
  to   space 2304K,   0% used [0x00000000f1460000, 0x00000000f1460000, 0x00000000f16a0000)
 tenured generation   total 46068K, used 27639K [0x00000000f5550000, 0x00000000f824d000, 0x0000000100000000)
   the space 46068K,  59% used [0x00000000f5550000, 0x00000000f704de18, 0x00000000f704e000, 0x00000000f824d000)
 Metaspace       used 34451K, committed 35840K, reserved 180224K
  class space    used 4925K, committed 5632K, reserved 114688K
}
Event: 3.599 GC heap before
{Heap before GC invocations=18 (full 2):
 def new generation   total 20864K, used 18560K [0x00000000f0000000, 0x00000000f16a0000, 0x00000000f5550000)
  eden space 18560K, 100% used [0x00000000f0000000, 0x00000000f1220000, 0x00000000f1220000)
  from space 2304K,   0% used [0x00000000f1220000, 0x00000000f1220000, 0x00000000f1460000)
  to   space 2304K,   0% used [0x00000000f1460000, 0x00000000f1460000, 0x00000000f16a0000)
 tenured generation   total 46068K, used 27639K [0x00000000f5550000, 0x00000000f824d000, 0x0000000100000000)
   the space 46068K,  59% used [0x00000000f5550000, 0x00000000f704de18, 0x00000000f704e000, 0x00000000f824d000)
 Metaspace       used 37186K, committed 38656K, reserved 180224K
  class space    used 5359K, committed 6080K, reserved 114688K
}
Event: 3.604 GC heap after
{Heap after GC invocations=19 (full 2):
 def new generation   total 20864K, used 2304K [0x00000000f0000000, 0x00000000f16a0000, 0x00000000f5550000)
  eden space 18560K,   0% used [0x00000000f0000000, 0x00000000f0000000, 0x00000000f1220000)
  from space 2304K, 100% used [0x00000000f1460000, 0x00000000f16a0000, 0x00000000f16a0000)
  to   space 2304K,   0% used [0x00000000f1220000, 0x00000000f1220000, 0x00000000f1460000)
 tenured generation   total 46068K, used 27657K [0x00000000f5550000, 0x00000000f824d000, 0x0000000100000000)
   the space 46068K,  60% used [0x00000000f5550000, 0x00000000f70526c8, 0x00000000f7052800, 0x00000000f824d000)
 Metaspace       used 37186K, committed 38656K, reserved 180224K
  class space    used 5359K, committed 6080K, reserved 114688K
}

