# JRE version: OpenJDK Runtime Environment Corretto-21.0.9.10.1 (21.0.9+10) (build 21.0.9+10-LTS)
# Java VM: OpenJDK 64-Bit Server VM Corretto-21.0.9.10.1 (21.0.9+10-LTS, mixed mode, sharing, tiered, compressed oops, compressed class ptrs, serial gc, windows-amd64)
GC Precious Log:
 CardTable entry size: 512
 CPUs: 12 total, 12 available
 Memory: 16005M
 Large Page Support: Disabled
 NUMA Support: Disabled
 Compressed Oops: Enabled (32-bit)
 Heap Min Capacity: 32M
 Heap Initial Capacity: 32M
 Heap Max Capacity: 128M
 Pre-touch: Disabled
Heap:
 def new generation   total 9792K, used 1602K [0x00000000f8000000, 0x00000000f8aa0000, 0x00000000faaa0000)
  eden space 8704K,   8% used [0x00000000f8000000, 0x00000000f80b9238, 0x00000000f8880000)
  from space 1088K,  79% used [0x00000000f8880000, 0x00000000f89577b8, 0x00000000f8990000)
  to   space 1088K,   0% used [0x00000000f8990000, 0x00000000f8990000, 0x00000000f8aa0000)
 tenured generation   total 21888K, used 20556K [0x00000000faaa0000, 0x00000000fc000000, 0x0000000100000000)
   the space 21888K,  93% used [0x00000000faaa0000, 0x00000000fbeb31a0, 0x00000000fbeb3200, 0x00000000fc000000)
 Metaspace       used 20344K, committed 20992K, reserved 147456K
  class space    used 2955K, committed 3264K, reserved 81920K
GC Heap History (20 events):
Event: 0.946 GC heap before
{Heap before GC invocations=8 (full 0):
 def new generation   total 9792K, used 9792K [0x00000000f8000000, 0x00000000f8aa0000, 0x00000000faaa0000)
  eden space 8704K, 100% used [0x00000000f8000000, 0x00000000f8880000, 0x00000000f8880000)
  from space 1088K, 100% used [0x00000000f8880000, 0x00000000f8990000, 0x00000000f8990000)
  to   space 1088K,   0% used [0x00000000f8990000, 0x00000000f8990000, 0x00000000f8aa0000)
 tenured generation   total 21888K, used 12923K [0x00000000faaa0000, 0x00000000fc000000, 0x0000000100000000)
   the space 21888K,  59% used [0x00000000faaa0000, 0x00000000fb73ed98, 0x00000000fb73ee00, 0x00000000fc000000)
 Metaspace       used 5546K, committed 5760K, reserved 147456K
  class space    used 728K, committed 832K, reserved 81920K
}
Event: 0.949 GC heap after
{Heap after GC invocations=9 (full 0):
 def new generation   total 9792K, used 1087K [0x00000000f8000000, 0x00000000f8aa0000, 0x00000000faaa0000)
  eden space 8704K,   0% used [0x00000000f8000000, 0x00000000f8000000, 0x00000000f8880000)
  from space 1088K,  99% used [0x00000000f8990000, 0x00000000f8a9fff8, 0x00000000f8aa0000)
  to   space 1088K,   0% used [0x00000000f8880000, 0x00000000f8880000, 0x00000000f8990000)
 tenured generation   total 21888K, used 14190K [0x00000000faaa0000, 0x00000000fc000000, 0x0000000100000000)
   the space 21888K,  64% used [0x00000000faaa0000, 0x00000000fb87bae0, 0x00000000fb87bc00, 0x00000000fc000000)
 Metaspace       used 5546K, committed 5760K, reserved 147456K
  class space    used 728K, committed 832K, reserved 81920K
}
Event: 1.101 GC heap before
{Heap before GC invocations=9 (full 0):
 def new generation   total 9792K, used 9791K [0x00000000f8000000, 0x00000000f8aa0000, 0x00000000faaa0000)
  eden space 8704K, 100% used [0x00000000f8000000, 0x00000000f8880000, 0x00000000f8880000)
  from space 1088K,  99% used [0x00000000f8990000, 0x00000000f8a9fff8, 0x00000000f8aa0000)
  to   space 1088K,   0% used [0x00000000f8880000, 0x00000000f8880000, 0x00000000f8990000)
 tenured generation   total 21888K, used 14190K [0x00000000faaa0000, 0x00000000fc000000, 0x0000000100000000)
   the space 21888K,  64% used [0x00000000faaa0000, 0x00000000fb87bae0, 0x00000000fb87bc00, 0x00000000fc000000)
 Metaspace       used 8217K, committed 8576K, reserved 147456K
  class space    used 1106K, committed 1280K, reserved 81920K
}
Event: 1.106 GC heap after
{Heap after GC invocations=10 (full 0):
 def new generation   total 9792K, used 958K [0x00000000f8000000, 0x00000000f8aa0000, 0x00000000faaa0000)
  eden space 8704K,   0% used [0x00000000f8000000, 0x00000000f8000000, 0x00000000f8880000)
  from space 1088K,  88% used [0x00000000f8880000, 0x00000000f896fa88, 0x00000000f8990000)
  to   space 1088K,   0% used [0x00000000f8990000, 0x00000000f8990000, 0x00000000f8aa0000)
 tenured generation   total 21888K, used 15258K [0x00000000faaa0000, 0x00000000fc000000, 0x0000000100000000)
   the space 21888K,  69% used [0x00000000faaa0000, 0x00000000fb986ad8, 0x00000000fb986c00, 0x00000000fc000000)
 Metaspace       used 8217K, committed 8576K, reserved 147456K
  class space    used 1106K, committed 1280K, reserved 81920K
}
Event: 1.400 GC heap before
{Heap before GC invocations=10 (full 0):
 def new generation   total 9792K, used 9662K [0x00000000f8000000, 0x00000000f8aa0000, 0x00000000faaa0000)
  eden space 8704K, 100% used [0x00000000f8000000, 0x00000000f8880000, 0x00000000f8880000)
  from space 1088K,  88% used [0x00000000f8880000, 0x00000000f896fa88, 0x00000000f8990000)
  to   space 1088K,   0% used [0x00000000f8990000, 0x00000000f8990000, 0x00000000f8aa0000)
 tenured generation   total 21888K, used 15258K [0x00000000faaa0000, 0x00000000fc000000, 0x0000000100000000)
   the space 21888K,  69% used [0x00000000faaa0000, 0x00000000fb986ad8, 0x00000000fb986c00, 0x00000000fc000000)
 Metaspace       used 10557K, committed 10816K, reserved 147456K
  class space    used 1416K, committed 1536K, reserved 81920K
}
Event: 1.404 GC heap after
{Heap after GC invocations=11 (full 0):
 def new generation   total 9792K, used 1088K [0x00000000f8000000, 0x00000000f8aa0000, 0x00000000faaa0000)
  eden space 8704K,   0% used [0x00000000f8000000, 0x00000000f8000000, 0x00000000f8880000)
  from space 1088K, 100% used [0x00000000f8990000, 0x00000000f8aa0000, 0x00000000f8aa0000)
  to   space 1088K,   0% used [0x00000000f8880000, 0x00000000f8880000, 0x00000000f8990000)
 tenured generation   total 21888K, used 16500K [0x00000000faaa0000, 0x00000000fc000000, 0x0000000100000000)
   the space 21888K,  75% used [0x00000000faaa0000, 0x00000000fbabd0d0, 0x00000000fbabd200, 0x00000000fc000000)
 Metaspace       used 10557K, committed 10816K, reserved 147456K
  class space    used 1416K, committed 1536K, reserved 81920K
}
Event: 1.491 GC heap before
{Heap before GC invocations=11 (full 0):
 def new generation   total 9792K, used 9780K [0x00000000f8000000, 0x00000000f8aa0000, 0x00000000faaa0000)
  eden space 8704K,  99% used [0x00000000f8000000, 0x00000000f887d380, 0x00000000f8880000)
  from space 1088K, 100% used [0x00000000f8990000, 0x00000000f8aa0000, 0x00000000f8aa0000)
  to   space 1088K,   0% used [0x00000000f8880000, 0x00000000f8880000, 0x00000000f8990000)
 tenured generation   total 21888K, used 16500K [0x00000000faaa0000, 0x00000000fc000000, 0x0000000100000000)
   the space 21888K,  75% used [0x00000000faaa0000, 0x00000000fbabd0d0, 0x00000000fbabd200, 0x00000000fc000000)
 Metaspace       used 12440K, committed 12864K, reserved 147456K
  class space    used 1659K, committed 1856K, reserved 81920K
}
Event: 1.494 GC heap after
{Heap after GC invocations=12 (full 0):
 def new generation   total 9792K, used 374K [0x00000000f8000000, 0x00000000f8aa0000, 0x00000000faaa0000)
  eden space 8704K,   0% used [0x00000000f8000000, 0x00000000f8000000, 0x00000000f8880000)
  from space 1088K,  34% used [0x00000000f8880000, 0x00000000f88dd970, 0x00000000f8990000)
  to   space 1088K,   0% used [0x00000000f8990000, 0x00000000f8990000, 0x00000000f8aa0000)
 tenured generation   total 21888K, used 17580K [0x00000000faaa0000, 0x00000000fc000000, 0x0000000100000000)
   the space 21888K,  80% used [0x00000000faaa0000, 0x00000000fbbcb2f0, 0x00000000fbbcb400, 0x00000000fc000000)
 Metaspace       used 12440K, committed 12864K, reserved 147456K
  class space    used 1659K, committed 1856K, reserved 81920K
}
Event: 1.585 GC heap before
{Heap before GC invocations=12 (full 0):
 def new generation   total 9792K, used 9078K [0x00000000f8000000, 0x00000000f8aa0000, 0x00000000faaa0000)
  eden space 8704K, 100% used [0x00000000f8000000, 0x00000000f8880000, 0x00000000f8880000)
  from space 1088K,  34% used [0x00000000f8880000, 0x00000000f88dd970, 0x00000000f8990000)
  to   space 1088K,   0% used [0x00000000f8990000, 0x00000000f8990000, 0x00000000f8aa0000)
 tenured generation   total 21888K, used 17580K [0x00000000faaa0000, 0x00000000fc000000, 0x0000000100000000)
   the space 21888K,  80% used [0x00000000faaa0000, 0x00000000fbbcb2f0, 0x00000000fbbcb400, 0x00000000fc000000)
 Metaspace       used 13975K, committed 14400K, reserved 147456K
  class space    used 1922K, committed 2112K, reserved 81920K
}
Event: 1.587 GC heap after
{Heap after GC invocations=13 (full 0):
 def new generation   total 9792K, used 846K [0x00000000f8000000, 0x00000000f8aa0000, 0x00000000faaa0000)
  eden space 8704K,   0% used [0x00000000f8000000, 0x00000000f8000000, 0x00000000f8880000)
  from space 1088K,  77% used [0x00000000f8990000, 0x00000000f8a63ad8, 0x00000000f8aa0000)
  to   space 1088K,   0% used [0x00000000f8880000, 0x00000000f8880000, 0x00000000f8990000)
 tenured generation   total 21888K, used 17580K [0x00000000faaa0000, 0x00000000fc000000, 0x0000000100000000)
   the space 21888K,  80% used [0x00000000faaa0000, 0x00000000fbbcb2f0, 0x00000000fbbcb400, 0x00000000fc000000)
 Metaspace       used 13975K, committed 14400K, reserved 147456K
  class space    used 1922K, committed 2112K, reserved 81920K
}
Event: 1.680 GC heap before
{Heap before GC invocations=13 (full 0):
 def new generation   total 9792K, used 9550K [0x00000000f8000000, 0x00000000f8aa0000, 0x00000000faaa0000)
  eden space 8704K, 100% used [0x00000000f8000000, 0x00000000f8880000, 0x00000000f8880000)
  from space 1088K,  77% used [0x00000000f8990000, 0x00000000f8a63ad8, 0x00000000f8aa0000)
  to   space 1088K,   0% used [0x00000000f8880000, 0x00000000f8880000, 0x00000000f8990000)
 tenured generation   total 21888K, used 17580K [0x00000000faaa0000, 0x00000000fc000000, 0x0000000100000000)
   the space 21888K,  80% used [0x00000000faaa0000, 0x00000000fbbcb2f0, 0x00000000fbbcb400, 0x00000000fc000000)
 Metaspace       used 15630K, committed 16064K, reserved 147456K
  class space    used 2155K, committed 2368K, reserved 81920K
}
Event: 1.682 GC heap after
{Heap after GC invocations=14 (full 0):
 def new generation   total 9792K, used 926K [0x00000000f8000000, 0x00000000f8aa0000, 0x00000000faaa0000)
  eden space 8704K,   0% used [0x00000000f8000000, 0x00000000f8000000, 0x00000000f8880000)
  from space 1088K,  85% used [0x00000000f8880000, 0x00000000f8967bc0, 0x00000000f8990000)
  to   space 1088K,   0% used [0x00000000f8990000, 0x00000000f8990000, 0x00000000f8aa0000)
 tenured generation   total 21888K, used 17904K [0x00000000faaa0000, 0x00000000fc000000, 0x0000000100000000)
   the space 21888K,  81% used [0x00000000faaa0000, 0x00000000fbc1c208, 0x00000000fbc1c400, 0x00000000fc000000)
 Metaspace       used 15630K, committed 16064K, reserved 147456K
  class space    used 2155K, committed 2368K, reserved 81920K
}
Event: 1.776 GC heap before
{Heap before GC invocations=14 (full 0):
 def new generation   total 9792K, used 9611K [0x00000000f8000000, 0x00000000f8aa0000, 0x00000000faaa0000)
  eden space 8704K,  99% used [0x00000000f8000000, 0x00000000f887b380, 0x00000000f8880000)
  from space 1088K,  85% used [0x00000000f8880000, 0x00000000f8967bc0, 0x00000000f8990000)
  to   space 1088K,   0% used [0x00000000f8990000, 0x00000000f8990000, 0x00000000f8aa0000)
 tenured generation   total 21888K, used 17904K [0x00000000faaa0000, 0x00000000fc000000, 0x0000000100000000)
   the space 21888K,  81% used [0x00000000faaa0000, 0x00000000fbc1c208, 0x00000000fbc1c400, 0x00000000fc000000)
 Metaspace       used 16787K, committed 17280K, reserved 147456K
  class space    used 2356K, committed 2560K, reserved 81920K
}
Event: 1.780 GC heap after
{Heap after GC invocations=15 (full 0):
 def new generation   total 9792K, used 921K [0x00000000f8000000, 0x00000000f8aa0000, 0x00000000faaa0000)
  eden space 8704K,   0% used [0x00000000f8000000, 0x00000000f8000000, 0x00000000f8880000)
  from space 1088K,  84% used [0x00000000f8990000, 0x00000000f8a76480, 0x00000000f8aa0000)
  to   space 1088K,   0% used [0x00000000f8880000, 0x00000000f8880000, 0x00000000f8990000)
 tenured generation   total 21888K, used 18415K [0x00000000faaa0000, 0x00000000fc000000, 0x0000000100000000)
   the space 21888K,  84% used [0x00000000faaa0000, 0x00000000fbc9bd00, 0x00000000fbc9be00, 0x00000000fc000000)
 Metaspace       used 16787K, committed 17280K, reserved 147456K
  class space    used 2356K, committed 2560K, reserved 81920K
}
Event: 3.934 GC heap before
{Heap before GC invocations=15 (full 0):
 def new generation   total 9792K, used 9625K [0x00000000f8000000, 0x00000000f8aa0000, 0x00000000faaa0000)
  eden space 8704K, 100% used [0x00000000f8000000, 0x00000000f8880000, 0x00000000f8880000)
  from space 1088K,  84% used [0x00000000f8990000, 0x00000000f8a76480, 0x00000000f8aa0000)
  to   space 1088K,   0% used [0x00000000f8880000, 0x00000000f8880000, 0x00000000f8990000)
 tenured generation   total 21888K, used 18415K [0x00000000faaa0000, 0x00000000fc000000, 0x0000000100000000)
   the space 21888K,  84% used [0x00000000faaa0000, 0x00000000fbc9bd00, 0x00000000fbc9be00, 0x00000000fc000000)
 Metaspace       used 17972K, committed 18496K, reserved 147456K
  class space    used 2569K, committed 2816K, reserved 81920K
}
Event: 3.938 GC heap after
{Heap after GC invocations=16 (full 0):
 def new generation   total 9792K, used 1088K [0x00000000f8000000, 0x00000000f8aa0000, 0x00000000faaa0000)
  eden space 8704K,   0% used [0x00000000f8000000, 0x00000000f8000000, 0x00000000f8880000)
  from space 1088K, 100% used [0x00000000f8880000, 0x00000000f8990000, 0x00000000f8990000)
  to   space 1088K,   0% used [0x00000000f8990000, 0x00000000f8990000, 0x00000000f8aa0000)
 tenured generation   total 21888K, used 18913K [0x00000000faaa0000, 0x00000000fc000000, 0x0000000100000000)
   the space 21888K,  86% used [0x00000000faaa0000, 0x00000000fbd18668, 0x00000000fbd18800, 0x00000000fc000000)
 Metaspace       used 17972K, committed 18496K, reserved 147456K
  class space    used 2569K, committed 2816K, reserved 81920K
}
Event: 4.093 GC heap before
{Heap before GC invocations=16 (full 0):
 def new generation   total 9792K, used 9792K [0x00000000f8000000, 0x00000000f8aa0000, 0x00000000faaa0000)
  eden space 8704K, 100% used [0x00000000f8000000, 0x00000000f8880000, 0x00000000f8880000)
  from space 1088K, 100% used [0x00000000f8880000, 0x00000000f8990000, 0x00000000f8990000)
  to   space 1088K,   0% used [0x00000000f8990000, 0x00000000f8990000, 0x00000000f8aa0000)
 tenured generation   total 21888K, used 18913K [0x00000000faaa0000, 0x00000000fc000000, 0x0000000100000000)
   the space 21888K,  86% used [0x00000000faaa0000, 0x00000000fbd18668, 0x00000000fbd18800, 0x00000000fc000000)
 Metaspace       used 19208K, committed 19776K, reserved 147456K
  class space    used 2763K, committed 3008K, reserved 81920K
}
Event: 4.096 GC heap after
{Heap after GC invocations=17 (full 0):
 def new generation   total 9792K, used 652K [0x00000000f8000000, 0x00000000f8aa0000, 0x00000000faaa0000)
  eden space 8704K,   0% used [0x00000000f8000000, 0x00000000f8000000, 0x00000000f8880000)
  from space 1088K,  59% used [0x00000000f8990000, 0x00000000f8a33010, 0x00000000f8aa0000)
  to   space 1088K,   0% used [0x00000000f8880000, 0x00000000f8880000, 0x00000000f8990000)
 tenured generation   total 21888K, used 19964K [0x00000000faaa0000, 0x00000000fc000000, 0x0000000100000000)
   the space 21888K,  91% used [0x00000000faaa0000, 0x00000000fbe1f3f8, 0x00000000fbe1f400, 0x00000000fc000000)
 Metaspace       used 19208K, committed 19776K, reserved 147456K
  class space    used 2763K, committed 3008K, reserved 81920K
}
Event: 4.248 GC heap before
{Heap before GC invocations=17 (full 0):
 def new generation   total 9792K, used 9356K [0x00000000f8000000, 0x00000000f8aa0000, 0x00000000faaa0000)
  eden space 8704K, 100% used [0x00000000f8000000, 0x00000000f8880000, 0x00000000f8880000)
  from space 1088K,  59% used [0x00000000f8990000, 0x00000000f8a33010, 0x00000000f8aa0000)
  to   space 1088K,   0% used [0x00000000f8880000, 0x00000000f8880000, 0x00000000f8990000)
 tenured generation   total 21888K, used 19964K [0x00000000faaa0000, 0x00000000fc000000, 0x0000000100000000)
   the space 21888K,  91% used [0x00000000faaa0000, 0x00000000fbe1f3f8, 0x00000000fbe1f400, 0x00000000fc000000)
 Metaspace       used 20270K, committed 20864K, reserved 147456K
  class space    used 2940K, committed 3200K, reserved 81920K
}
Event: 4.251 GC heap after
{Heap after GC invocations=18 (full 0):
 def new generation   total 9792K, used 861K [0x00000000f8000000, 0x00000000f8aa0000, 0x00000000faaa0000)
  eden space 8704K,   0% used [0x00000000f8000000, 0x00000000f8000000, 0x00000000f8880000)
  from space 1088K,  79% used [0x00000000f8880000, 0x00000000f89577b8, 0x00000000f8990000)
  to   space 1088K,   0% used [0x00000000f8990000, 0x00000000f8990000, 0x00000000f8aa0000)
 tenured generation   total 21888K, used 20556K [0x00000000faaa0000, 0x00000000fc000000, 0x0000000100000000)
   the space 21888K,  93% used [0x00000000faaa0000, 0x00000000fbeb31a0, 0x00000000fbeb3200, 0x00000000fc000000)
 Metaspace       used 20270K, committed 20864K, reserved 147456K
  class space    used 2940K, committed 3200K, reserved 81920K
}

