# JRE version: OpenJDK Runtime Environment Corretto-21.0.9.10.1 (21.0.9+10) (build 21.0.9+10-LTS)
# Java VM: OpenJDK 64-Bit Server VM Corretto-21.0.9.10.1 (21.0.9+10-LTS, mixed mode, sharing, tiered, compressed oops, compressed class ptrs, serial gc, windows-amd64)
GC Precious Log:
 CardTable entry size: 512
 CPUs: 12 total, 12 available
 Memory: 16005M
 Large Page Support: Disabled
 NUMA Support: Disabled
 Compressed Oops: Enabled (32-bit)
 Heap Min Capacity: 64M
 Heap Initial Capacity: 64M
 Heap Max Capacity: 256M
 Pre-touch: Disabled
Heap:
 def new generation   total 19648K, used 4936K [0x00000000f0000000, 0x00000000f1550000, 0x00000000f5550000)
  eden space 17472K,  22% used [0x00000000f0000000, 0x00000000f03e57c0, 0x00000000f1110000)
  from space 2176K,  43% used [0x00000000f1330000, 0x00000000f141cb40, 0x00000000f1550000)
  to   space 2176K,   0% used [0x00000000f1110000, 0x00000000f1110000, 0x00000000f1330000)
 tenured generation   total 43712K, used 17885K [0x00000000f5550000, 0x00000000f8000000, 0x0000000100000000)
   the space 43712K,  40% used [0x00000000f5550000, 0x00000000f66c7690, 0x00000000f66c7800, 0x00000000f8000000)
 Metaspace       used 16210K, committed 16768K, reserved 180224K
  class space    used 2260K, committed 2496K, reserved 114688K
GC Heap History (14 events):
Event: 0.215 GC heap before
{Heap before GC invocations=0 (full 0):
 def new generation   total 19648K, used 16315K [0x00000000f0000000, 0x00000000f1550000, 0x00000000f5550000)
  eden space 17472K,  93% used [0x00000000f0000000, 0x00000000f0feef68, 0x00000000f1110000)
  from space 2176K,   0% used [0x00000000f1110000, 0x00000000f1110000, 0x00000000f1330000)
  to   space 2176K,   0% used [0x00000000f1330000, 0x00000000f1330000, 0x00000000f1550000)
 tenured generation   total 43712K, used 0K [0x00000000f5550000, 0x00000000f8000000, 0x0000000100000000)
   the space 43712K,   0% used [0x00000000f5550000, 0x00000000f5550000, 0x00000000f5550200, 0x00000000f8000000)
 Metaspace       used 1098K, committed 1216K, reserved 180224K
  class space    used 89K, committed 128K, reserved 114688K
}
Event: 0.218 GC heap after
{Heap after GC invocations=1 (full 0):
 def new generation   total 19648K, used 2176K [0x00000000f0000000, 0x00000000f1550000, 0x00000000f5550000)
  eden space 17472K,   0% used [0x00000000f0000000, 0x00000000f0000000, 0x00000000f1110000)
  from space 2176K, 100% used [0x00000000f1330000, 0x00000000f1550000, 0x00000000f1550000)
  to   space 2176K,   0% used [0x00000000f1110000, 0x00000000f1110000, 0x00000000f1330000)
 tenured generation   total 43712K, used 2206K [0x00000000f5550000, 0x00000000f8000000, 0x0000000100000000)
   the space 43712K,   5% used [0x00000000f5550000, 0x00000000f5777a50, 0x00000000f5777c00, 0x00000000f8000000)
 Metaspace       used 1098K, committed 1216K, reserved 180224K
  class space    used 89K, committed 128K, reserved 114688K
}
Event: 0.446 GC heap before
{Heap before GC invocations=1 (full 0):
 def new generation   total 19648K, used 19648K [0x00000000f0000000, 0x00000000f1550000, 0x00000000f5550000)
  eden space 17472K, 100% used [0x00000000f0000000, 0x00000000f1110000, 0x00000000f1110000)
  from space 2176K, 100% used [0x00000000f1330000, 0x00000000f1550000, 0x00000000f1550000)
  to   space 2176K,   0% used [0x00000000f1110000, 0x00000000f1110000, 0x00000000f1330000)
 tenured generation   total 43712K, used 2206K [0x00000000f5550000, 0x00000000f8000000, 0x0000000100000000)
   the space 43712K,   5% used [0x00000000f5550000, 0x00000000f5777a50, 0x00000000f5777c00, 0x00000000f8000000)
 Metaspace       used 4036K, committed 4288K, reserved 180224K
  class space    used 510K, committed 640K, reserved 114688K
}
Event: 0.451 GC heap after
{Heap after GC invocations=2 (full 0):
 def new generation   total 19648K, used 1987K [0x00000000f0000000, 0x00000000f1550000, 0x00000000f5550000)
  eden space 17472K,   0% used [0x00000000f0000000, 0x00000000f0000000, 0x00000000f1110000)
  from space 2176K,  91% used [0x00000000f1110000, 0x00000000f1300d38, 0x00000000f1330000)
  to   space 2176K,   0% used [0x00000000f1330000, 0x00000000f1330000, 0x00000000f1550000)
 tenured generation   total 43712K, used 7822K [0x00000000f5550000, 0x00000000f8000000, 0x0000000100000000)
   the space 43712K,  17% used [0x00000000f5550000, 0x00000000f5cf39a8, 0x00000000f5cf3a00, 0x00000000f8000000)
 Metaspace       used 4036K, committed 4288K, reserved 180224K
  class space    used 510K, committed 640K, reserved 114688K
}
Event: 0.639 GC heap before
{Heap before GC invocations=2 (full 0):
 def new generation   total 19648K, used 19459K [0x00000000f0000000, 0x00000000f1550000, 0x00000000f5550000)
  eden space 17472K, 100% used [0x00000000f0000000, 0x00000000f1110000, 0x00000000f1110000)
  from space 2176K,  91% used [0x00000000f1110000, 0x00000000f1300d38, 0x00000000f1330000)
  to   space 2176K,   0% used [0x00000000f1330000, 0x00000000f1330000, 0x00000000f1550000)
 tenured generation   total 43712K, used 7822K [0x00000000f5550000, 0x00000000f8000000, 0x0000000100000000)
   the space 43712K,  17% used [0x00000000f5550000, 0x00000000f5cf39a8, 0x00000000f5cf3a00, 0x00000000f8000000)
 Metaspace       used 4130K, committed 4352K, reserved 180224K
  class space    used 510K, committed 640K, reserved 114688K
}
Event: 0.641 GC heap after
{Heap after GC invocations=3 (full 0):
 def new generation   total 19648K, used 356K [0x00000000f0000000, 0x00000000f1550000, 0x00000000f5550000)
  eden space 17472K,   0% used [0x00000000f0000000, 0x00000000f0000000, 0x00000000f1110000)
  from space 2176K,  16% used [0x00000000f1330000, 0x00000000f1389360, 0x00000000f1550000)
  to   space 2176K,   0% used [0x00000000f1110000, 0x00000000f1110000, 0x00000000f1330000)
 tenured generation   total 43712K, used 9776K [0x00000000f5550000, 0x00000000f8000000, 0x0000000100000000)
   the space 43712K,  22% used [0x00000000f5550000, 0x00000000f5edc0a0, 0x00000000f5edc200, 0x00000000f8000000)
 Metaspace       used 4130K, committed 4352K, reserved 180224K
  class space    used 510K, committed 640K, reserved 114688K
}
Event: 0.812 GC heap before
{Heap before GC invocations=3 (full 0):
 def new generation   total 19648K, used 17828K [0x00000000f0000000, 0x00000000f1550000, 0x00000000f5550000)
  eden space 17472K, 100% used [0x00000000f0000000, 0x00000000f1110000, 0x00000000f1110000)
  from space 2176K,  16% used [0x00000000f1330000, 0x00000000f1389360, 0x00000000f1550000)
  to   space 2176K,   0% used [0x00000000f1110000, 0x00000000f1110000, 0x00000000f1330000)
 tenured generation   total 43712K, used 9776K [0x00000000f5550000, 0x00000000f8000000, 0x0000000100000000)
   the space 43712K,  22% used [0x00000000f5550000, 0x00000000f5edc0a0, 0x00000000f5edc200, 0x00000000f8000000)
 Metaspace       used 4338K, committed 4544K, reserved 180224K
  class space    used 529K, committed 640K, reserved 114688K
}
Event: 0.814 GC heap after
{Heap after GC invocations=4 (full 0):
 def new generation   total 19648K, used 2175K [0x00000000f0000000, 0x00000000f1550000, 0x00000000f5550000)
  eden space 17472K,   0% used [0x00000000f0000000, 0x00000000f0000000, 0x00000000f1110000)
  from space 2176K,  99% used [0x00000000f1110000, 0x00000000f132fff8, 0x00000000f1330000)
  to   space 2176K,   0% used [0x00000000f1330000, 0x00000000f1330000, 0x00000000f1550000)
 tenured generation   total 43712K, used 11856K [0x00000000f5550000, 0x00000000f8000000, 0x0000000100000000)
   the space 43712K,  27% used [0x00000000f5550000, 0x00000000f60e4110, 0x00000000f60e4200, 0x00000000f8000000)
 Metaspace       used 4338K, committed 4544K, reserved 180224K
  class space    used 529K, committed 640K, reserved 114688K
}
Event: 2.145 GC heap before
{Heap before GC invocations=4 (full 0):
 def new generation   total 19648K, used 19647K [0x00000000f0000000, 0x00000000f1550000, 0x00000000f5550000)
  eden space 17472K, 100% used [0x00000000f0000000, 0x00000000f1110000, 0x00000000f1110000)
  from space 2176K,  99% used [0x00000000f1110000, 0x00000000f132fff8, 0x00000000f1330000)
  to   space 2176K,   0% used [0x00000000f1330000, 0x00000000f1330000, 0x00000000f1550000)
 tenured generation   total 43712K, used 11856K [0x00000000f5550000, 0x00000000f8000000, 0x0000000100000000)
   the space 43712K,  27% used [0x00000000f5550000, 0x00000000f60e4110, 0x00000000f60e4200, 0x00000000f8000000)
 Metaspace       used 8363K, committed 8704K, reserved 180224K
  class space    used 1116K, committed 1280K, reserved 114688K
}
Event: 2.150 GC heap after
{Heap after GC invocations=5 (full 0):
 def new generation   total 19648K, used 2176K [0x00000000f0000000, 0x00000000f1550000, 0x00000000f5550000)
  eden space 17472K,   0% used [0x00000000f0000000, 0x00000000f0000000, 0x00000000f1110000)
  from space 2176K, 100% used [0x00000000f1330000, 0x00000000f1550000, 0x00000000f1550000)
  to   space 2176K,   0% used [0x00000000f1110000, 0x00000000f1110000, 0x00000000f1330000)
 tenured generation   total 43712K, used 14057K [0x00000000f5550000, 0x00000000f8000000, 0x0000000100000000)
   the space 43712K,  32% used [0x00000000f5550000, 0x00000000f630a6c8, 0x00000000f630a800, 0x00000000f8000000)
 Metaspace       used 8363K, committed 8704K, reserved 180224K
  class space    used 1116K, committed 1280K, reserved 114688K
}
Event: 3.416 GC heap before
{Heap before GC invocations=5 (full 0):
 def new generation   total 19648K, used 19641K [0x00000000f0000000, 0x00000000f1550000, 0x00000000f5550000)
  eden space 17472K,  99% used [0x00000000f0000000, 0x00000000f110e678, 0x00000000f1110000)
  from space 2176K, 100% used [0x00000000f1330000, 0x00000000f1550000, 0x00000000f1550000)
  to   space 2176K,   0% used [0x00000000f1110000, 0x00000000f1110000, 0x00000000f1330000)
 tenured generation   total 43712K, used 14057K [0x00000000f5550000, 0x00000000f8000000, 0x0000000100000000)
   the space 43712K,  32% used [0x00000000f5550000, 0x00000000f630a6c8, 0x00000000f630a800, 0x00000000f8000000)
 Metaspace       used 12458K, committed 12864K, reserved 180224K
  class space    used 1664K, committed 1856K, reserved 114688K
}
Event: 3.421 GC heap after
{Heap after GC invocations=6 (full 0):
 def new generation   total 19648K, used 1745K [0x00000000f0000000, 0x00000000f1550000, 0x00000000f5550000)
  eden space 17472K,   0% used [0x00000000f0000000, 0x00000000f0000000, 0x00000000f1110000)
  from space 2176K,  80% used [0x00000000f1110000, 0x00000000f12c4690, 0x00000000f1330000)
  to   space 2176K,   0% used [0x00000000f1330000, 0x00000000f1330000, 0x00000000f1550000)
 tenured generation   total 43712K, used 16206K [0x00000000f5550000, 0x00000000f8000000, 0x0000000100000000)
   the space 43712K,  37% used [0x00000000f5550000, 0x00000000f6523940, 0x00000000f6523a00, 0x00000000f8000000)
 Metaspace       used 12458K, committed 12864K, reserved 180224K
  class space    used 1664K, committed 1856K, reserved 114688K
}
Event: 4.644 GC heap before
{Heap before GC invocations=6 (full 0):
 def new generation   total 19648K, used 19217K [0x00000000f0000000, 0x00000000f1550000, 0x00000000f5550000)
  eden space 17472K, 100% used [0x00000000f0000000, 0x00000000f1110000, 0x00000000f1110000)
  from space 2176K,  80% used [0x00000000f1110000, 0x00000000f12c4690, 0x00000000f1330000)
  to   space 2176K,   0% used [0x00000000f1330000, 0x00000000f1330000, 0x00000000f1550000)
 tenured generation   total 43712K, used 16206K [0x00000000f5550000, 0x00000000f8000000, 0x0000000100000000)
   the space 43712K,  37% used [0x00000000f5550000, 0x00000000f6523940, 0x00000000f6523a00, 0x00000000f8000000)
 Metaspace       used 15657K, committed 16128K, reserved 180224K
  class space    used 2162K, committed 2368K, reserved 114688K
}
Event: 4.649 GC heap after
{Heap after GC invocations=7 (full 0):
 def new generation   total 19648K, used 946K [0x00000000f0000000, 0x00000000f1550000, 0x00000000f5550000)
  eden space 17472K,   0% used [0x00000000f0000000, 0x00000000f0000000, 0x00000000f1110000)
  from space 2176K,  43% used [0x00000000f1330000, 0x00000000f141cb40, 0x00000000f1550000)
  to   space 2176K,   0% used [0x00000000f1110000, 0x00000000f1110000, 0x00000000f1330000)
 tenured generation   total 43712K, used 17885K [0x00000000f5550000, 0x00000000f8000000, 0x0000000100000000)
   the space 43712K,  40% used [0x00000000f5550000, 0x00000000f66c7690, 0x00000000f66c7800, 0x00000000f8000000)
 Metaspace       used 15657K, committed 16128K, reserved 180224K
  class space    used 2162K, committed 2368K, reserved 114688K
}

