# JRE version: OpenJDK Runtime Environment Corretto-21.0.9.10.1 (21.0.9+10) (build 21.0.9+10-LTS)
# Java VM: OpenJDK 64-Bit Server VM Corretto-21.0.9.10.1 (21.0.9+10-LTS, mixed mode, sharing, tiered, compressed oops, compressed class ptrs, serial gc, windows-amd64)
GC Precious Log:
 CardTable entry size: 512
 CPUs: 12 total, 12 available
 Memory: 16005M
 Large Page Support: Disabled
 NUMA Support: Disabled
 Compressed Oops: Enabled (32-bit)
 Heap Min Capacity: 64M
 Heap Initial Capacity: 64M
 Heap Max Capacity: 256M
 Pre-touch: Disabled
Heap:
 def new generation   total 19648K, used 19022K [0x00000000f0000000, 0x00000000f1550000, 0x00000000f5550000)
  eden space 17472K,  97% used [0x00000000f0000000, 0x00000000f1095320, 0x00000000f1110000)
  from space 2176K,  93% used [0x00000000f1110000, 0x00000000f130e7d8, 0x00000000f1330000)
  to   space 2176K,   0% used [0x00000000f1330000, 0x00000000f1330000, 0x00000000f1550000)
 tenured generation   total 43712K, used 17987K [0x00000000f5550000, 0x00000000f8000000, 0x0000000100000000)
   the space 43712K,  41% used [0x00000000f5550000, 0x00000000f66e0ce8, 0x00000000f66e0e00, 0x00000000f8000000)
 Metaspace       used 20710K, committed 21376K, reserved 180224K
  class space    used 3007K, committed 3328K, reserved 114688K
GC Heap History (16 events):
Event: 0.220 GC heap before
{Heap before GC invocations=0 (full 0):
 def new generation   total 19648K, used 16299K [0x00000000f0000000, 0x00000000f1550000, 0x00000000f5550000)
  eden space 17472K,  93% used [0x00000000f0000000, 0x00000000f0feafe8, 0x00000000f1110000)
  from space 2176K,   0% used [0x00000000f1110000, 0x00000000f1110000, 0x00000000f1330000)
  to   space 2176K,   0% used [0x00000000f1330000, 0x00000000f1330000, 0x00000000f1550000)
 tenured generation   total 43712K, used 0K [0x00000000f5550000, 0x00000000f8000000, 0x0000000100000000)
   the space 43712K,   0% used [0x00000000f5550000, 0x00000000f5550000, 0x00000000f5550200, 0x00000000f8000000)
 Metaspace       used 1102K, committed 1216K, reserved 180224K
  class space    used 89K, committed 128K, reserved 114688K
}
Event: 0.225 GC heap after
{Heap after GC invocations=1 (full 0):
 def new generation   total 19648K, used 2175K [0x00000000f0000000, 0x00000000f1550000, 0x00000000f5550000)
  eden space 17472K,   0% used [0x00000000f0000000, 0x00000000f0000000, 0x00000000f1110000)
  from space 2176K,  99% used [0x00000000f1330000, 0x00000000f154fff8, 0x00000000f1550000)
  to   space 2176K,   0% used [0x00000000f1110000, 0x00000000f1110000, 0x00000000f1330000)
 tenured generation   total 43712K, used 2207K [0x00000000f5550000, 0x00000000f8000000, 0x0000000100000000)
   the space 43712K,   5% used [0x00000000f5550000, 0x00000000f5777e90, 0x00000000f5778000, 0x00000000f8000000)
 Metaspace       used 1102K, committed 1216K, reserved 180224K
  class space    used 89K, committed 128K, reserved 114688K
}
Event: 0.487 GC heap before
{Heap before GC invocations=1 (full 0):
 def new generation   total 19648K, used 19647K [0x00000000f0000000, 0x00000000f1550000, 0x00000000f5550000)
  eden space 17472K, 100% used [0x00000000f0000000, 0x00000000f1110000, 0x00000000f1110000)
  from space 2176K,  99% used [0x00000000f1330000, 0x00000000f154fff8, 0x00000000f1550000)
  to   space 2176K,   0% used [0x00000000f1110000, 0x00000000f1110000, 0x00000000f1330000)
 tenured generation   total 43712K, used 2207K [0x00000000f5550000, 0x00000000f8000000, 0x0000000100000000)
   the space 43712K,   5% used [0x00000000f5550000, 0x00000000f5777e90, 0x00000000f5778000, 0x00000000f8000000)
 Metaspace       used 4054K, committed 4288K, reserved 180224K
  class space    used 511K, committed 640K, reserved 114688K
}
Event: 0.492 GC heap after
{Heap after GC invocations=2 (full 0):
 def new generation   total 19648K, used 1981K [0x00000000f0000000, 0x00000000f1550000, 0x00000000f5550000)
  eden space 17472K,   0% used [0x00000000f0000000, 0x00000000f0000000, 0x00000000f1110000)
  from space 2176K,  91% used [0x00000000f1110000, 0x00000000f12ff710, 0x00000000f1330000)
  to   space 2176K,   0% used [0x00000000f1330000, 0x00000000f1330000, 0x00000000f1550000)
 tenured generation   total 43712K, used 7823K [0x00000000f5550000, 0x00000000f8000000, 0x0000000100000000)
   the space 43712K,  17% used [0x00000000f5550000, 0x00000000f5cf3de0, 0x00000000f5cf3e00, 0x00000000f8000000)
 Metaspace       used 4054K, committed 4288K, reserved 180224K
  class space    used 511K, committed 640K, reserved 114688K
}
Event: 0.639 GC heap before
{Heap before GC invocations=2 (full 0):
 def new generation   total 19648K, used 19453K [0x00000000f0000000, 0x00000000f1550000, 0x00000000f5550000)
  eden space 17472K, 100% used [0x00000000f0000000, 0x00000000f1110000, 0x00000000f1110000)
  from space 2176K,  91% used [0x00000000f1110000, 0x00000000f12ff710, 0x00000000f1330000)
  to   space 2176K,   0% used [0x00000000f1330000, 0x00000000f1330000, 0x00000000f1550000)
 tenured generation   total 43712K, used 7823K [0x00000000f5550000, 0x00000000f8000000, 0x0000000100000000)
   the space 43712K,  17% used [0x00000000f5550000, 0x00000000f5cf3de0, 0x00000000f5cf3e00, 0x00000000f8000000)
 Metaspace       used 4146K, committed 4352K, reserved 180224K
  class space    used 511K, committed 640K, reserved 114688K
}
Event: 0.641 GC heap after
{Heap after GC invocations=3 (full 0):
 def new generation   total 19648K, used 356K [0x00000000f0000000, 0x00000000f1550000, 0x00000000f5550000)
  eden space 17472K,   0% used [0x00000000f0000000, 0x00000000f0000000, 0x00000000f1110000)
  from space 2176K,  16% used [0x00000000f1330000, 0x00000000f1389068, 0x00000000f1550000)
  to   space 2176K,   0% used [0x00000000f1110000, 0x00000000f1110000, 0x00000000f1330000)
 tenured generation   total 43712K, used 9773K [0x00000000f5550000, 0x00000000f8000000, 0x0000000100000000)
   the space 43712K,  22% used [0x00000000f5550000, 0x00000000f5edb5f0, 0x00000000f5edb600, 0x00000000f8000000)
 Metaspace       used 4146K, committed 4352K, reserved 180224K
  class space    used 511K, committed 640K, reserved 114688K
}
Event: 0.735 GC heap before
{Heap before GC invocations=3 (full 0):
 def new generation   total 19648K, used 17828K [0x00000000f0000000, 0x00000000f1550000, 0x00000000f5550000)
  eden space 17472K, 100% used [0x00000000f0000000, 0x00000000f1110000, 0x00000000f1110000)
  from space 2176K,  16% used [0x00000000f1330000, 0x00000000f1389068, 0x00000000f1550000)
  to   space 2176K,   0% used [0x00000000f1110000, 0x00000000f1110000, 0x00000000f1330000)
 tenured generation   total 43712K, used 9773K [0x00000000f5550000, 0x00000000f8000000, 0x0000000100000000)
   the space 43712K,  22% used [0x00000000f5550000, 0x00000000f5edb5f0, 0x00000000f5edb600, 0x00000000f8000000)
 Metaspace       used 4358K, committed 4544K, reserved 180224K
  class space    used 531K, committed 640K, reserved 114688K
}
Event: 0.737 GC heap after
{Heap after GC invocations=4 (full 0):
 def new generation   total 19648K, used 2176K [0x00000000f0000000, 0x00000000f1550000, 0x00000000f5550000)
  eden space 17472K,   0% used [0x00000000f0000000, 0x00000000f0000000, 0x00000000f1110000)
  from space 2176K, 100% used [0x00000000f1110000, 0x00000000f1330000, 0x00000000f1330000)
  to   space 2176K,   0% used [0x00000000f1330000, 0x00000000f1330000, 0x00000000f1550000)
 tenured generation   total 43712K, used 11862K [0x00000000f5550000, 0x00000000f8000000, 0x0000000100000000)
   the space 43712K,  27% used [0x00000000f5550000, 0x00000000f60e59c0, 0x00000000f60e5a00, 0x00000000f8000000)
 Metaspace       used 4358K, committed 4544K, reserved 180224K
  class space    used 531K, committed 640K, reserved 114688K
}
Event: 0.985 GC heap before
{Heap before GC invocations=4 (full 0):
 def new generation   total 19648K, used 19648K [0x00000000f0000000, 0x00000000f1550000, 0x00000000f5550000)
  eden space 17472K, 100% used [0x00000000f0000000, 0x00000000f1110000, 0x00000000f1110000)
  from space 2176K, 100% used [0x00000000f1110000, 0x00000000f1330000, 0x00000000f1330000)
  to   space 2176K,   0% used [0x00000000f1330000, 0x00000000f1330000, 0x00000000f1550000)
 tenured generation   total 43712K, used 11862K [0x00000000f5550000, 0x00000000f8000000, 0x0000000100000000)
   the space 43712K,  27% used [0x00000000f5550000, 0x00000000f60e59c0, 0x00000000f60e5a00, 0x00000000f8000000)
 Metaspace       used 8393K, committed 8704K, reserved 180224K
  class space    used 1119K, committed 1280K, reserved 114688K
}
Event: 0.990 GC heap after
{Heap after GC invocations=5 (full 0):
 def new generation   total 19648K, used 2175K [0x00000000f0000000, 0x00000000f1550000, 0x00000000f5550000)
  eden space 17472K,   0% used [0x00000000f0000000, 0x00000000f0000000, 0x00000000f1110000)
  from space 2176K,  99% used [0x00000000f1330000, 0x00000000f154fff8, 0x00000000f1550000)
  to   space 2176K,   0% used [0x00000000f1110000, 0x00000000f1110000, 0x00000000f1330000)
 tenured generation   total 43712K, used 14122K [0x00000000f5550000, 0x00000000f8000000, 0x0000000100000000)
   the space 43712K,  32% used [0x00000000f5550000, 0x00000000f631abb8, 0x00000000f631ac00, 0x00000000f8000000)
 Metaspace       used 8393K, committed 8704K, reserved 180224K
  class space    used 1119K, committed 1280K, reserved 114688K
}
Event: 1.274 GC heap before
{Heap before GC invocations=5 (full 0):
 def new generation   total 19648K, used 19647K [0x00000000f0000000, 0x00000000f1550000, 0x00000000f5550000)
  eden space 17472K, 100% used [0x00000000f0000000, 0x00000000f1110000, 0x00000000f1110000)
  from space 2176K,  99% used [0x00000000f1330000, 0x00000000f154fff8, 0x00000000f1550000)
  to   space 2176K,   0% used [0x00000000f1110000, 0x00000000f1110000, 0x00000000f1330000)
 tenured generation   total 43712K, used 14122K [0x00000000f5550000, 0x00000000f8000000, 0x0000000100000000)
   the space 43712K,  32% used [0x00000000f5550000, 0x00000000f631abb8, 0x00000000f631ac00, 0x00000000f8000000)
 Metaspace       used 12762K, committed 13120K, reserved 180224K
  class space    used 1696K, committed 1856K, reserved 114688K
}
Event: 1.280 GC heap after
{Heap after GC invocations=6 (full 0):
 def new generation   total 19648K, used 1768K [0x00000000f0000000, 0x00000000f1550000, 0x00000000f5550000)
  eden space 17472K,   0% used [0x00000000f0000000, 0x00000000f0000000, 0x00000000f1110000)
  from space 2176K,  81% used [0x00000000f1110000, 0x00000000f12ca0d8, 0x00000000f1330000)
  to   space 2176K,   0% used [0x00000000f1330000, 0x00000000f1330000, 0x00000000f1550000)
 tenured generation   total 43712K, used 16271K [0x00000000f5550000, 0x00000000f8000000, 0x0000000100000000)
   the space 43712K,  37% used [0x00000000f5550000, 0x00000000f6533dd0, 0x00000000f6533e00, 0x00000000f8000000)
 Metaspace       used 12762K, committed 13120K, reserved 180224K
  class space    used 1696K, committed 1856K, reserved 114688K
}
Event: 1.454 GC heap before
{Heap before GC invocations=6 (full 0):
 def new generation   total 19648K, used 19240K [0x00000000f0000000, 0x00000000f1550000, 0x00000000f5550000)
  eden space 17472K, 100% used [0x00000000f0000000, 0x00000000f1110000, 0x00000000f1110000)
  from space 2176K,  81% used [0x00000000f1110000, 0x00000000f12ca0d8, 0x00000000f1330000)
  to   space 2176K,   0% used [0x00000000f1330000, 0x00000000f1330000, 0x00000000f1550000)
 tenured generation   total 43712K, used 16271K [0x00000000f5550000, 0x00000000f8000000, 0x0000000100000000)
   the space 43712K,  37% used [0x00000000f5550000, 0x00000000f6533dd0, 0x00000000f6533e00, 0x00000000f8000000)
 Metaspace       used 15965K, committed 16448K, reserved 180224K
  class space    used 2186K, committed 2432K, reserved 114688K
}
Event: 1.459 GC heap after
{Heap after GC invocations=7 (full 0):
 def new generation   total 19648K, used 916K [0x00000000f0000000, 0x00000000f1550000, 0x00000000f5550000)
  eden space 17472K,   0% used [0x00000000f0000000, 0x00000000f0000000, 0x00000000f1110000)
  from space 2176K,  42% used [0x00000000f1330000, 0x00000000f1415308, 0x00000000f1550000)
  to   space 2176K,   0% used [0x00000000f1110000, 0x00000000f1110000, 0x00000000f1330000)
 tenured generation   total 43712K, used 17987K [0x00000000f5550000, 0x00000000f8000000, 0x0000000100000000)
   the space 43712K,  41% used [0x00000000f5550000, 0x00000000f66e0ce8, 0x00000000f66e0e00, 0x00000000f8000000)
 Metaspace       used 15965K, committed 16448K, reserved 180224K
  class space    used 2186K, committed 2432K, reserved 114688K
}
Event: 1.649 GC heap before
{Heap before GC invocations=7 (full 0):
 def new generation   total 19648K, used 18388K [0x00000000f0000000, 0x00000000f1550000, 0x00000000f5550000)
  eden space 17472K, 100% used [0x00000000f0000000, 0x00000000f1110000, 0x00000000f1110000)
  from space 2176K,  42% used [0x00000000f1330000, 0x00000000f1415308, 0x00000000f1550000)
  to   space 2176K,   0% used [0x00000000f1110000, 0x00000000f1110000, 0x00000000f1330000)
 tenured generation   total 43712K, used 17987K [0x00000000f5550000, 0x00000000f8000000, 0x0000000100000000)
   the space 43712K,  41% used [0x00000000f5550000, 0x00000000f66e0ce8, 0x00000000f66e0e00, 0x00000000f8000000)
 Metaspace       used 18453K, committed 19008K, reserved 180224K
  class space    used 2631K, committed 2880K, reserved 114688K
}
Event: 1.652 GC heap after
{Heap after GC invocations=8 (full 0):
 def new generation   total 19648K, used 2041K [0x00000000f0000000, 0x00000000f1550000, 0x00000000f5550000)
  eden space 17472K,   0% used [0x00000000f0000000, 0x00000000f0000000, 0x00000000f1110000)
  from space 2176K,  93% used [0x00000000f1110000, 0x00000000f130e7d8, 0x00000000f1330000)
  to   space 2176K,   0% used [0x00000000f1330000, 0x00000000f1330000, 0x00000000f1550000)
 tenured generation   total 43712K, used 17987K [0x00000000f5550000, 0x00000000f8000000, 0x0000000100000000)
   the space 43712K,  41% used [0x00000000f5550000, 0x00000000f66e0ce8, 0x00000000f66e0e00, 0x00000000f8000000)
 Metaspace       used 18453K, committed 19008K, reserved 180224K
  class space    used 2631K, committed 2880K, reserved 114688K
}

